c:\users\alber\source\repos\korekcja-gamma-main4\gammacorrection\x64\debug\gammacorrection.pch
c:\users\alber\source\repos\korekcja-gamma-main4\gammacorrection\x64\debug\vc143.pdb
c:\users\alber\source\repos\korekcja-gamma-main4\gammacorrection\x64\debug\vc143.idb
c:\users\alber\source\repos\korekcja-gamma-main4\gammacorrection\x64\debug\pch.obj
c:\users\alber\source\repos\korekcja-gamma-main4\gammacorrection\x64\debug\vectorpow.obj
c:\users\alber\source\repos\korekcja-gamma-main4\gammacorrection\x64\debug\dllmain.obj
c:\users\alber\source\repos\korekcja-gamma-main4\korekcja-gamma\x64\debug\gammacorrection.lib
c:\users\alber\source\repos\korekcja-gamma-main4\korekcja-gamma\x64\debug\gammacorrection.exp
c:\users\mka2\source\repos\korekcja-gamma-main\korekcja-gamma\x64\debug\gammacorrection.lib
c:\users\mka2\source\repos\korekcja-gamma-main\korekcja-gamma\x64\debug\gammacorrection.exp
c:\users\alber\source\repos\korekcja-gamma-main4\gammacorrection\x64\debug\gammacorrection.ilk
c:\users\alber\source\repos\korekcja-gamma-main4\korekcja-gamma\x64\debug\gammacorrection.dll
c:\users\alber\source\repos\korekcja-gamma-main4\korekcja-gamma\x64\debug\gammacorrection.pdb
c:\users\alber\source\repos\korekcja-gamma-main4\gammacorrection\x64\debug\gammacorrection.obj
c:\users\alber\source\repos\korekcja-gamma-main4\gammacorrection\x64\debug\gammacorrection.tlog\cl.command.1.tlog
c:\users\alber\source\repos\korekcja-gamma-main4\gammacorrection\x64\debug\gammacorrection.tlog\cl.read.1.tlog
c:\users\alber\source\repos\korekcja-gamma-main4\gammacorrection\x64\debug\gammacorrection.tlog\cl.write.1.tlog
c:\users\alber\source\repos\korekcja-gamma-main4\gammacorrection\x64\debug\gammacorrection.tlog\gammacorrection.write.1u.tlog
c:\users\alber\source\repos\korekcja-gamma-main4\gammacorrection\x64\debug\gammacorrection.tlog\link.command.1.tlog
c:\users\alber\source\repos\korekcja-gamma-main4\gammacorrection\x64\debug\gammacorrection.tlog\link.read.1.tlog
c:\users\alber\source\repos\korekcja-gamma-main4\gammacorrection\x64\debug\gammacorrection.tlog\link.write.1.tlog
c:\users\alber\source\repos\korekcja-gamma-main4\gammacorrection\x64\debug\gammacorrection.tlog\masm.read.1u.tlog
c:\users\alber\source\repos\korekcja-gamma-main4\gammacorrection\x64\debug\gammacorrection.tlog\masm.write.1u.tlog
